<?xml version="1.0" encoding="UTF-8"?>
<!-- Generated by org.testng.reporters.JUnitReportReporter -->
<testsuite hostname="DESKTOP-KR65V9R" failures="0" tests="1" name="com.qualitydevotee.test.AccuWeatherTest" time="19.003" errors="0" timestamp="2022-07-23T21:50:18 IST" skipped="0">
  <testcase classname="com.qualitydevotee.test.AccuWeatherTest" name="testWeatherOfCity" time="19.003"/>
  <system-out/>
</testsuite> <!-- com.qualitydevotee.test.AccuWeatherTest -->
